2023-04-27T10:43:12+00:00 CRITICAL Uncaught Error: Value of type null is not callable in /Applications/MAMP/htdocs/grupp-8/wp-content/themes/storefront-child/archive-shop.php:12
Stack trace:
#0 /Applications/MAMP/htdocs/grupp-8/wp-includes/template-loader.php(106): include()
#1 /Applications/MAMP/htdocs/grupp-8/wp-blog-header.php(19): require_once('/Applications/M...')
#2 /Applications/MAMP/htdocs/grupp-8/index.php(17): require('/Applications/M...')
#3 {main}
  thrown i /Applications/MAMP/htdocs/grupp-8/wp-content/themes/storefront-child/archive-shop.php på rad 12

2023-04-27T10:43:14+00:00 CRITICAL Uncaught Error: Value of type null is not callable in /Applications/MAMP/htdocs/grupp-8/wp-content/themes/storefront-child/archive-shop.php:12
Stack trace:
#0 /Applications/MAMP/htdocs/grupp-8/wp-includes/template-loader.php(106): include()
#1 /Applications/MAMP/htdocs/grupp-8/wp-blog-header.php(19): require_once('/Applications/M...')
#2 /Applications/MAMP/htdocs/grupp-8/index.php(17): require('/Applications/M...')
#3 {main}
  thrown i /Applications/MAMP/htdocs/grupp-8/wp-content/themes/storefront-child/archive-shop.php på rad 12

2023-04-27T11:16:05+00:00 CRITICAL Uncaught Error: Call to undefined function add_actions() in /Applications/MAMP/htdocs/grupp-8/wp-content/themes/storefront-child/functions.php:20
Stack trace:
#0 /Applications/MAMP/htdocs/grupp-8/wp-settings.php(591): include()
#1 /Applications/MAMP/htdocs/grupp-8/wp-config.php(96): require_once('/Applications/M...')
#2 /Applications/MAMP/htdocs/grupp-8/wp-load.php(50): require_once('/Applications/M...')
#3 /Applications/MAMP/htdocs/grupp-8/wp-blog-header.php(13): require_once('/Applications/M...')
#4 /Applications/MAMP/htdocs/grupp-8/index.php(17): require('/Applications/M...')
#5 {main}
  thrown i /Applications/MAMP/htdocs/grupp-8/wp-content/themes/storefront-child/functions.php på rad 20

2023-04-27T11:26:32+00:00 CRITICAL syntax error, unexpected token "function" i /Applications/MAMP/htdocs/grupp-8/wp-content/themes/storefront-child/functions.php på rad 24

2023-04-27T12:56:02+00:00 CRITICAL Unclosed '{' on line 6 i /Applications/MAMP/htdocs/grupp-8/wp-content/themes/storefront-child/single-shop.php på rad 14

2023-04-27T12:56:31+00:00 CRITICAL Unclosed '{' on line 6 i /Applications/MAMP/htdocs/grupp-8/wp-content/themes/storefront-child/single-shop.php på rad 14

2023-04-27T12:56:34+00:00 CRITICAL Unclosed '{' on line 6 i /Applications/MAMP/htdocs/grupp-8/wp-content/themes/storefront-child/single-shop.php på rad 14

