2023-04-26T12:18:26+00:00 CRITICAL Uncaught ArgumentCountError: Too few arguments to function remove_action(), 0 passed in /Applications/MAMP/htdocs/grupp-8/wp-content/themes/storefront-child/functions.php on line 19 and at least 2 expected in /Applications/MAMP/htdocs/grupp-8/wp-includes/plugin.php:612
Stack trace:
#0 /Applications/MAMP/htdocs/grupp-8/wp-content/themes/storefront-child/functions.php(19): remove_action()
#1 /Applications/MAMP/htdocs/grupp-8/wp-settings.php(591): include('/Applications/M...')
#2 /Applications/MAMP/htdocs/grupp-8/wp-config.php(96): require_once('/Applications/M...')
#3 /Applications/MAMP/htdocs/grupp-8/wp-load.php(50): require_once('/Applications/M...')
#4 /Applications/MAMP/htdocs/grupp-8/wp-admin/admin-ajax.php(22): require_once('/Applications/M...')
#5 {main}
  thrown i /Applications/MAMP/htdocs/grupp-8/wp-includes/plugin.php på rad 612

2023-04-26T12:24:23+00:00 CRITICAL Uncaught Error: Call to a member function is_registration_enabled() on null in /Applications/MAMP/htdocs/grupp-8/wp-content/themes/storefront-child/page-kassan.php:63
Stack trace:
#0 /Applications/MAMP/htdocs/grupp-8/wp-includes/template-loader.php(106): include()
#1 /Applications/MAMP/htdocs/grupp-8/wp-blog-header.php(19): require_once('/Applications/M...')
#2 /Applications/MAMP/htdocs/grupp-8/index.php(17): require('/Applications/M...')
#3 {main}
  thrown i /Applications/MAMP/htdocs/grupp-8/wp-content/themes/storefront-child/page-kassan.php på rad 63

2023-04-26T12:25:13+00:00 CRITICAL Uncaught Error: Call to a member function get_checkout_fields() on null in /Applications/MAMP/htdocs/grupp-8/wp-content/themes/storefront-child/page-kassan.php:72
Stack trace:
#0 /Applications/MAMP/htdocs/grupp-8/wp-includes/template-loader.php(106): include()
#1 /Applications/MAMP/htdocs/grupp-8/wp-blog-header.php(19): require_once('/Applications/M...')
#2 /Applications/MAMP/htdocs/grupp-8/index.php(17): require('/Applications/M...')
#3 {main}
  thrown i /Applications/MAMP/htdocs/grupp-8/wp-content/themes/storefront-child/page-kassan.php på rad 72

2023-04-26T12:26:49+00:00 CRITICAL Uncaught Error: Call to a member function get_checkout_fields() on null in /Applications/MAMP/htdocs/grupp-8/wp-content/themes/storefront-child/page-kassan.php:72
Stack trace:
#0 /Applications/MAMP/htdocs/grupp-8/wp-includes/template-loader.php(106): include()
#1 /Applications/MAMP/htdocs/grupp-8/wp-blog-header.php(19): require_once('/Applications/M...')
#2 /Applications/MAMP/htdocs/grupp-8/index.php(17): require('/Applications/M...')
#3 {main}
  thrown i /Applications/MAMP/htdocs/grupp-8/wp-content/themes/storefront-child/page-kassan.php på rad 72

2023-04-26T12:27:19+00:00 CRITICAL Uncaught Error: Call to a member function get_checkout_fields() on null in /Applications/MAMP/htdocs/grupp-8/wp-content/themes/storefront-child/page-kassan.php:72
Stack trace:
#0 /Applications/MAMP/htdocs/grupp-8/wp-includes/template-loader.php(106): include()
#1 /Applications/MAMP/htdocs/grupp-8/wp-blog-header.php(19): require_once('/Applications/M...')
#2 /Applications/MAMP/htdocs/grupp-8/index.php(17): require('/Applications/M...')
#3 {main}
  thrown i /Applications/MAMP/htdocs/grupp-8/wp-content/themes/storefront-child/page-kassan.php på rad 72

2023-04-26T12:27:22+00:00 CRITICAL Uncaught Error: Call to a member function get_checkout_fields() on null in /Applications/MAMP/htdocs/grupp-8/wp-content/themes/storefront-child/page-kassan.php:72
Stack trace:
#0 /Applications/MAMP/htdocs/grupp-8/wp-includes/template-loader.php(106): include()
#1 /Applications/MAMP/htdocs/grupp-8/wp-blog-header.php(19): require_once('/Applications/M...')
#2 /Applications/MAMP/htdocs/grupp-8/index.php(17): require('/Applications/M...')
#3 {main}
  thrown i /Applications/MAMP/htdocs/grupp-8/wp-content/themes/storefront-child/page-kassan.php på rad 72

2023-04-26T12:27:23+00:00 CRITICAL Uncaught Error: Call to a member function get_checkout_fields() on null in /Applications/MAMP/htdocs/grupp-8/wp-content/themes/storefront-child/page-kassan.php:72
Stack trace:
#0 /Applications/MAMP/htdocs/grupp-8/wp-includes/template-loader.php(106): include()
#1 /Applications/MAMP/htdocs/grupp-8/wp-blog-header.php(19): require_once('/Applications/M...')
#2 /Applications/MAMP/htdocs/grupp-8/index.php(17): require('/Applications/M...')
#3 {main}
  thrown i /Applications/MAMP/htdocs/grupp-8/wp-content/themes/storefront-child/page-kassan.php på rad 72

2023-04-26T12:30:40+00:00 CRITICAL Uncaught Error: Call to a member function is_registration_enabled() on null in /Applications/MAMP/htdocs/grupp-8/wp-content/themes/storefront-child/page-kassan.php:25
Stack trace:
#0 /Applications/MAMP/htdocs/grupp-8/wp-includes/template-loader.php(106): include()
#1 /Applications/MAMP/htdocs/grupp-8/wp-blog-header.php(19): require_once('/Applications/M...')
#2 /Applications/MAMP/htdocs/grupp-8/index.php(17): require('/Applications/M...')
#3 {main}
  thrown i /Applications/MAMP/htdocs/grupp-8/wp-content/themes/storefront-child/page-kassan.php på rad 25

2023-04-26T12:51:11+00:00 CRITICAL Uncaught Error: Call to a member function get_checkout_fields() on null in /Applications/MAMP/htdocs/grupp-8/wp-content/themes/storefront-child/page-kassan.php:36
Stack trace:
#0 /Applications/MAMP/htdocs/grupp-8/wp-includes/template-loader.php(106): include()
#1 /Applications/MAMP/htdocs/grupp-8/wp-blog-header.php(19): require_once('/Applications/M...')
#2 /Applications/MAMP/htdocs/grupp-8/index.php(17): require('/Applications/M...')
#3 {main}
  thrown i /Applications/MAMP/htdocs/grupp-8/wp-content/themes/storefront-child/page-kassan.php på rad 36

2023-04-26T12:51:31+00:00 CRITICAL Uncaught Error: Call to a member function get_checkout_fields() on null in /Applications/MAMP/htdocs/grupp-8/wp-content/themes/storefront-child/page-kassan.php:36
Stack trace:
#0 /Applications/MAMP/htdocs/grupp-8/wp-includes/template-loader.php(106): include()
#1 /Applications/MAMP/htdocs/grupp-8/wp-blog-header.php(19): require_once('/Applications/M...')
#2 /Applications/MAMP/htdocs/grupp-8/index.php(17): require('/Applications/M...')
#3 {main}
  thrown i /Applications/MAMP/htdocs/grupp-8/wp-content/themes/storefront-child/page-kassan.php på rad 36

2023-04-26T13:15:30+00:00 CRITICAL syntax error, unexpected token "}", expecting "," or ";" i /Applications/MAMP/htdocs/grupp-8/wp-content/themes/storefront-child/functions.php på rad 23

